[2023-05-17T16:46:19.004+0000] {taskinstance.py:1125} INFO - Dependencies all met for dep_context=non-requeueable deps ti=<TaskInstance: fondue_dag.clustering scheduled__2023-05-09T00:00:00+00:00 [queued]>
[2023-05-17T16:46:19.027+0000] {taskinstance.py:1125} INFO - Dependencies all met for dep_context=requeueable deps ti=<TaskInstance: fondue_dag.clustering scheduled__2023-05-09T00:00:00+00:00 [queued]>
[2023-05-17T16:46:19.028+0000] {taskinstance.py:1331} INFO - Starting attempt 1 of 2
[2023-05-17T16:46:19.057+0000] {taskinstance.py:1350} INFO - Executing <Task(PythonOperator): clustering> on 2023-05-09 00:00:00+00:00
[2023-05-17T16:46:19.070+0000] {standard_task_runner.py:57} INFO - Started process 1204 to run task
[2023-05-17T16:46:19.074+0000] {standard_task_runner.py:84} INFO - Running: ['***', 'tasks', 'run', 'fondue_dag', 'clustering', 'scheduled__2023-05-09T00:00:00+00:00', '--job-id', '24', '--raw', '--subdir', 'DAGS_FOLDER/fondue_dag.py', '--cfg-path', '/tmp/tmp7sdlohes']
[2023-05-17T16:46:19.076+0000] {standard_task_runner.py:85} INFO - Job 24: Subtask clustering
[2023-05-17T16:46:19.155+0000] {task_command.py:410} INFO - Running <TaskInstance: fondue_dag.clustering scheduled__2023-05-09T00:00:00+00:00 [running]> on host 8cf8fb9e28f7
[2023-05-17T16:46:19.315+0000] {taskinstance.py:1570} INFO - Exporting env vars: AIRFLOW_CTX_DAG_EMAIL='Bhuribhat@gmail.com' AIRFLOW_CTX_DAG_OWNER='pras' AIRFLOW_CTX_DAG_ID='fondue_dag' AIRFLOW_CTX_TASK_ID='clustering' AIRFLOW_CTX_EXECUTION_DATE='2023-05-09T00:00:00+00:00' AIRFLOW_CTX_TRY_NUMBER='1' AIRFLOW_CTX_DAG_RUN_ID='scheduled__2023-05-09T00:00:00+00:00'
[2023-05-17T16:46:22.502+0000] {logging_mixin.py:149} WARNING - 2023/05/17 16:46:22 WARNING mlflow.utils.git_utils: Failed to import Git (the Git executable is probably not on your PATH), so Git SHA is not available. Error: Failed to initialize: Bad git executable.
The git executable must be specified in one of the following ways:
    - be included in your $PATH
    - be set via $GIT_PYTHON_GIT_EXECUTABLE
    - explicitly set via git.refresh()

All git commands will error until this is rectified.

This initial warning can be silenced or aggravated in the future by setting the
$GIT_PYTHON_REFRESH environment variable. Use one of the following values:
    - quiet|q|silence|s|none|n|0: for no warning or exception
    - warn|w|warning|1: for a printed warning
    - error|e|raise|r|2: for a raised exception

Example:
    export GIT_PYTHON_REFRESH=quiet
[2023-05-17T16:46:28.300+0000] {python.py:183} INFO - Done. Returned value was: None
[2023-05-17T16:46:28.321+0000] {taskinstance.py:1373} INFO - Marking task as SUCCESS. dag_id=fondue_dag, task_id=clustering, execution_date=20230509T000000, start_date=20230517T164619, end_date=20230517T164628
[2023-05-17T16:46:28.399+0000] {local_task_job_runner.py:232} INFO - Task exited with return code 0
[2023-05-17T16:46:28.426+0000] {taskinstance.py:2674} INFO - 1 downstream tasks scheduled from follow-on schedule check
<<<<<<< HEAD
[2023-05-17T17:55:05.694+0000] {taskinstance.py:1125} INFO - Dependencies all met for dep_context=non-requeueable deps ti=<TaskInstance: fondue_dag.clustering scheduled__2023-05-09T00:00:00+00:00 [queued]>
[2023-05-17T17:55:05.712+0000] {taskinstance.py:1125} INFO - Dependencies all met for dep_context=requeueable deps ti=<TaskInstance: fondue_dag.clustering scheduled__2023-05-09T00:00:00+00:00 [queued]>
[2023-05-17T17:55:05.713+0000] {taskinstance.py:1331} INFO - Starting attempt 1 of 2
[2023-05-17T17:55:05.741+0000] {taskinstance.py:1350} INFO - Executing <Task(PythonOperator): clustering> on 2023-05-09 00:00:00+00:00
[2023-05-17T17:55:05.753+0000] {standard_task_runner.py:57} INFO - Started process 861 to run task
[2023-05-17T17:55:05.756+0000] {standard_task_runner.py:84} INFO - Running: ['***', 'tasks', 'run', 'fondue_dag', 'clustering', 'scheduled__2023-05-09T00:00:00+00:00', '--job-id', '30', '--raw', '--subdir', 'DAGS_FOLDER/fondue_dag.py', '--cfg-path', '/tmp/tmp2n2a6llh']
[2023-05-17T17:55:05.758+0000] {standard_task_runner.py:85} INFO - Job 30: Subtask clustering
[2023-05-17T17:55:05.826+0000] {task_command.py:410} INFO - Running <TaskInstance: fondue_dag.clustering scheduled__2023-05-09T00:00:00+00:00 [running]> on host a37c7bc3731c
[2023-05-17T17:55:05.956+0000] {taskinstance.py:1570} INFO - Exporting env vars: AIRFLOW_CTX_DAG_EMAIL='Bhuribhat@gmail.com' AIRFLOW_CTX_DAG_OWNER='pras' AIRFLOW_CTX_DAG_ID='fondue_dag' AIRFLOW_CTX_TASK_ID='clustering' AIRFLOW_CTX_EXECUTION_DATE='2023-05-09T00:00:00+00:00' AIRFLOW_CTX_TRY_NUMBER='1' AIRFLOW_CTX_DAG_RUN_ID='scheduled__2023-05-09T00:00:00+00:00'
[2023-05-17T17:55:27.625+0000] {logging_mixin.py:149} WARNING - 2023/05/17 17:55:27 INFO mlflow.tracking.fluent: Experiment with name 'fondue' does not exist. Creating a new experiment.
[2023-05-17T17:55:27.921+0000] {logging_mixin.py:149} WARNING - 2023/05/17 17:55:27 WARNING mlflow.utils.git_utils: Failed to import Git (the Git executable is probably not on your PATH), so Git SHA is not available. Error: Failed to initialize: Bad git executable.
=======
[2023-05-18T04:22:23.408+0000] {logging_mixin.py:149} INFO - Changing /opt/***/logs/dag_id=fondue_dag/run_id=scheduled__2023-05-09T00:00:00+00:00/task_id=clustering permission to 509
[2023-05-18T04:22:23.409+0000] {logging_mixin.py:149} INFO - Failed to change /opt/***/logs/dag_id=fondue_dag/run_id=scheduled__2023-05-09T00:00:00+00:00/task_id=clustering permission to 509: [Errno 1] Operation not permitted: '/opt/***/logs/dag_id=fondue_dag/run_id=scheduled__2023-05-09T00:00:00+00:00/task_id=clustering'
[2023-05-18T04:22:23.494+0000] {logging_mixin.py:149} INFO - Changing /opt/***/logs/dag_id=fondue_dag/run_id=scheduled__2023-05-09T00:00:00+00:00/task_id=clustering permission to 509
[2023-05-18T04:22:23.495+0000] {logging_mixin.py:149} INFO - Failed to change /opt/***/logs/dag_id=fondue_dag/run_id=scheduled__2023-05-09T00:00:00+00:00/task_id=clustering permission to 509: [Errno 1] Operation not permitted: '/opt/***/logs/dag_id=fondue_dag/run_id=scheduled__2023-05-09T00:00:00+00:00/task_id=clustering'
[2023-05-18T04:22:23.537+0000] {taskinstance.py:1125} INFO - Dependencies all met for dep_context=non-requeueable deps ti=<TaskInstance: fondue_dag.clustering scheduled__2023-05-09T00:00:00+00:00 [queued]>
[2023-05-18T04:22:23.605+0000] {taskinstance.py:1125} INFO - Dependencies all met for dep_context=requeueable deps ti=<TaskInstance: fondue_dag.clustering scheduled__2023-05-09T00:00:00+00:00 [queued]>
[2023-05-18T04:22:23.614+0000] {taskinstance.py:1331} INFO - Starting attempt 1 of 2
[2023-05-18T04:22:23.712+0000] {taskinstance.py:1350} INFO - Executing <Task(PythonOperator): clustering> on 2023-05-09 00:00:00+00:00
[2023-05-18T04:22:23.722+0000] {standard_task_runner.py:57} INFO - Started process 595 to run task
[2023-05-18T04:22:23.726+0000] {standard_task_runner.py:84} INFO - Running: ['***', 'tasks', 'run', 'fondue_dag', 'clustering', 'scheduled__2023-05-09T00:00:00+00:00', '--job-id', '35', '--raw', '--subdir', 'DAGS_FOLDER/fondue_dag.py', '--cfg-path', '/tmp/tmpobqutyvf']
[2023-05-18T04:22:23.729+0000] {standard_task_runner.py:85} INFO - Job 35: Subtask clustering
[2023-05-18T04:22:23.865+0000] {logging_mixin.py:149} INFO - Changing /opt/***/logs/dag_id=fondue_dag/run_id=scheduled__2023-05-09T00:00:00+00:00/task_id=clustering permission to 509
[2023-05-18T04:22:23.866+0000] {logging_mixin.py:149} INFO - Failed to change /opt/***/logs/dag_id=fondue_dag/run_id=scheduled__2023-05-09T00:00:00+00:00/task_id=clustering permission to 509: [Errno 1] Operation not permitted: '/opt/***/logs/dag_id=fondue_dag/run_id=scheduled__2023-05-09T00:00:00+00:00/task_id=clustering'
[2023-05-18T04:22:23.873+0000] {task_command.py:410} INFO - Running <TaskInstance: fondue_dag.clustering scheduled__2023-05-09T00:00:00+00:00 [running]> on host b36de7cfc389
[2023-05-18T04:22:24.097+0000] {taskinstance.py:1570} INFO - Exporting env vars: AIRFLOW_CTX_DAG_EMAIL='Bhuribhat@gmail.com' AIRFLOW_CTX_DAG_OWNER='pras' AIRFLOW_CTX_DAG_ID='fondue_dag' AIRFLOW_CTX_TASK_ID='clustering' AIRFLOW_CTX_EXECUTION_DATE='2023-05-09T00:00:00+00:00' AIRFLOW_CTX_TRY_NUMBER='1' AIRFLOW_CTX_DAG_RUN_ID='scheduled__2023-05-09T00:00:00+00:00'
[2023-05-18T04:23:08.491+0000] {logging_mixin.py:149} WARNING - 2023/05/18 04:23:08 WARNING mlflow.utils.git_utils: Failed to import Git (the Git executable is probably not on your PATH), so Git SHA is not available. Error: Failed to initialize: Bad git executable.
>>>>>>> 8e4a41b368593e9ce283ae02afd6c27252f67370
The git executable must be specified in one of the following ways:
    - be included in your $PATH
    - be set via $GIT_PYTHON_GIT_EXECUTABLE
    - explicitly set via git.refresh()

All git commands will error until this is rectified.

This initial warning can be silenced or aggravated in the future by setting the
$GIT_PYTHON_REFRESH environment variable. Use one of the following values:
    - quiet|q|silence|s|none|n|0: for no warning or exception
    - warn|w|warning|1: for a printed warning
    - error|e|raise|r|2: for a raised exception

Example:
    export GIT_PYTHON_REFRESH=quiet
<<<<<<< HEAD
[2023-05-17T17:55:34.411+0000] {python.py:183} INFO - Done. Returned value was: None
[2023-05-17T17:55:34.432+0000] {taskinstance.py:1373} INFO - Marking task as SUCCESS. dag_id=fondue_dag, task_id=clustering, execution_date=20230509T000000, start_date=20230517T175505, end_date=20230517T175534
[2023-05-17T17:55:34.506+0000] {local_task_job_runner.py:232} INFO - Task exited with return code 0
[2023-05-17T17:55:34.542+0000] {taskinstance.py:2674} INFO - 1 downstream tasks scheduled from follow-on schedule check
[2023-05-17T18:18:26.500+0000] {taskinstance.py:1125} INFO - Dependencies all met for dep_context=non-requeueable deps ti=<TaskInstance: fondue_dag.clustering scheduled__2023-05-09T00:00:00+00:00 [queued]>
[2023-05-17T18:18:26.546+0000] {taskinstance.py:1125} INFO - Dependencies all met for dep_context=requeueable deps ti=<TaskInstance: fondue_dag.clustering scheduled__2023-05-09T00:00:00+00:00 [queued]>
[2023-05-17T18:18:26.548+0000] {taskinstance.py:1331} INFO - Starting attempt 1 of 2
[2023-05-17T18:18:26.664+0000] {taskinstance.py:1350} INFO - Executing <Task(PythonOperator): clustering> on 2023-05-09 00:00:00+00:00
[2023-05-17T18:18:26.674+0000] {standard_task_runner.py:57} INFO - Started process 1104 to run task
[2023-05-17T18:18:26.684+0000] {standard_task_runner.py:84} INFO - Running: ['***', 'tasks', 'run', 'fondue_dag', 'clustering', 'scheduled__2023-05-09T00:00:00+00:00', '--job-id', '32', '--raw', '--subdir', 'DAGS_FOLDER/fondue_dag.py', '--cfg-path', '/tmp/tmpphec6q9v']
[2023-05-17T18:18:26.688+0000] {standard_task_runner.py:85} INFO - Job 32: Subtask clustering
[2023-05-17T18:18:26.950+0000] {task_command.py:410} INFO - Running <TaskInstance: fondue_dag.clustering scheduled__2023-05-09T00:00:00+00:00 [running]> on host 3390ff13fbf6
[2023-05-17T18:18:27.480+0000] {taskinstance.py:1570} INFO - Exporting env vars: AIRFLOW_CTX_DAG_EMAIL='Bhuribhat@gmail.com' AIRFLOW_CTX_DAG_OWNER='pras' AIRFLOW_CTX_DAG_ID='fondue_dag' AIRFLOW_CTX_TASK_ID='clustering' AIRFLOW_CTX_EXECUTION_DATE='2023-05-09T00:00:00+00:00' AIRFLOW_CTX_TRY_NUMBER='1' AIRFLOW_CTX_DAG_RUN_ID='scheduled__2023-05-09T00:00:00+00:00'
[2023-05-17T18:18:50.833+0000] {logging_mixin.py:149} WARNING - 2023/05/17 18:18:50 WARNING mlflow.utils.git_utils: Failed to import Git (the Git executable is probably not on your PATH), so Git SHA is not available. Error: Failed to initialize: Bad git executable.
The git executable must be specified in one of the following ways:
    - be included in your $PATH
    - be set via $GIT_PYTHON_GIT_EXECUTABLE
    - explicitly set via git.refresh()

All git commands will error until this is rectified.

This initial warning can be silenced or aggravated in the future by setting the
$GIT_PYTHON_REFRESH environment variable. Use one of the following values:
    - quiet|q|silence|s|none|n|0: for no warning or exception
    - warn|w|warning|1: for a printed warning
    - error|e|raise|r|2: for a raised exception

Example:
    export GIT_PYTHON_REFRESH=quiet
[2023-05-17T18:18:58.966+0000] {python.py:183} INFO - Done. Returned value was: None
[2023-05-17T18:18:59.003+0000] {taskinstance.py:1373} INFO - Marking task as SUCCESS. dag_id=fondue_dag, task_id=clustering, execution_date=20230509T000000, start_date=20230517T181826, end_date=20230517T181859
[2023-05-17T18:18:59.095+0000] {local_task_job_runner.py:232} INFO - Task exited with return code 0
[2023-05-17T18:18:59.152+0000] {taskinstance.py:2674} INFO - 1 downstream tasks scheduled from follow-on schedule check
[2023-05-17T18:25:52.794+0000] {taskinstance.py:1125} INFO - Dependencies all met for dep_context=non-requeueable deps ti=<TaskInstance: fondue_dag.clustering scheduled__2023-05-09T00:00:00+00:00 [queued]>
[2023-05-17T18:25:52.817+0000] {taskinstance.py:1125} INFO - Dependencies all met for dep_context=requeueable deps ti=<TaskInstance: fondue_dag.clustering scheduled__2023-05-09T00:00:00+00:00 [queued]>
[2023-05-17T18:25:52.818+0000] {taskinstance.py:1331} INFO - Starting attempt 1 of 2
[2023-05-17T18:25:52.877+0000] {taskinstance.py:1350} INFO - Executing <Task(PythonOperator): clustering> on 2023-05-09 00:00:00+00:00
[2023-05-17T18:25:52.887+0000] {standard_task_runner.py:57} INFO - Started process 1224 to run task
[2023-05-17T18:25:52.919+0000] {standard_task_runner.py:84} INFO - Running: ['***', 'tasks', 'run', 'fondue_dag', 'clustering', 'scheduled__2023-05-09T00:00:00+00:00', '--job-id', '31', '--raw', '--subdir', 'DAGS_FOLDER/fondue_dag.py', '--cfg-path', '/tmp/tmpwp7si37s']
[2023-05-17T18:25:52.934+0000] {standard_task_runner.py:85} INFO - Job 31: Subtask clustering
[2023-05-17T18:25:53.043+0000] {task_command.py:410} INFO - Running <TaskInstance: fondue_dag.clustering scheduled__2023-05-09T00:00:00+00:00 [running]> on host 70fcd41af239
[2023-05-17T18:25:53.195+0000] {taskinstance.py:1570} INFO - Exporting env vars: AIRFLOW_CTX_DAG_EMAIL='Bhuribhat@gmail.com' AIRFLOW_CTX_DAG_OWNER='pras' AIRFLOW_CTX_DAG_ID='fondue_dag' AIRFLOW_CTX_TASK_ID='clustering' AIRFLOW_CTX_EXECUTION_DATE='2023-05-09T00:00:00+00:00' AIRFLOW_CTX_TRY_NUMBER='1' AIRFLOW_CTX_DAG_RUN_ID='scheduled__2023-05-09T00:00:00+00:00'
[2023-05-17T18:26:05.484+0000] {logging_mixin.py:149} WARNING - 2023/05/17 18:26:05 WARNING mlflow.utils.git_utils: Failed to import Git (the Git executable is probably not on your PATH), so Git SHA is not available. Error: Failed to initialize: Bad git executable.
The git executable must be specified in one of the following ways:
    - be included in your $PATH
    - be set via $GIT_PYTHON_GIT_EXECUTABLE
    - explicitly set via git.refresh()

All git commands will error until this is rectified.

This initial warning can be silenced or aggravated in the future by setting the
$GIT_PYTHON_REFRESH environment variable. Use one of the following values:
    - quiet|q|silence|s|none|n|0: for no warning or exception
    - warn|w|warning|1: for a printed warning
    - error|e|raise|r|2: for a raised exception

Example:
    export GIT_PYTHON_REFRESH=quiet
[2023-05-17T18:26:12.738+0000] {python.py:183} INFO - Done. Returned value was: None
[2023-05-17T18:26:12.757+0000] {taskinstance.py:1373} INFO - Marking task as SUCCESS. dag_id=fondue_dag, task_id=clustering, execution_date=20230509T000000, start_date=20230517T182552, end_date=20230517T182612
[2023-05-17T18:26:12.826+0000] {local_task_job_runner.py:232} INFO - Task exited with return code 0
[2023-05-17T18:26:12.858+0000] {taskinstance.py:2674} INFO - 1 downstream tasks scheduled from follow-on schedule check
[2023-05-17T18:37:35.993+0000] {taskinstance.py:1125} INFO - Dependencies all met for dep_context=non-requeueable deps ti=<TaskInstance: fondue_dag.clustering scheduled__2023-05-09T00:00:00+00:00 [queued]>
[2023-05-17T18:37:36.011+0000] {taskinstance.py:1125} INFO - Dependencies all met for dep_context=requeueable deps ti=<TaskInstance: fondue_dag.clustering scheduled__2023-05-09T00:00:00+00:00 [queued]>
[2023-05-17T18:37:36.012+0000] {taskinstance.py:1331} INFO - Starting attempt 1 of 2
[2023-05-17T18:37:36.033+0000] {taskinstance.py:1350} INFO - Executing <Task(PythonOperator): clustering> on 2023-05-09 00:00:00+00:00
[2023-05-17T18:37:36.042+0000] {standard_task_runner.py:57} INFO - Started process 1770 to run task
[2023-05-17T18:37:36.045+0000] {standard_task_runner.py:84} INFO - Running: ['***', 'tasks', 'run', 'fondue_dag', 'clustering', 'scheduled__2023-05-09T00:00:00+00:00', '--job-id', '39', '--raw', '--subdir', 'DAGS_FOLDER/fondue_dag.py', '--cfg-path', '/tmp/tmpw4x3cf01']
[2023-05-17T18:37:36.048+0000] {standard_task_runner.py:85} INFO - Job 39: Subtask clustering
[2023-05-17T18:37:36.104+0000] {task_command.py:410} INFO - Running <TaskInstance: fondue_dag.clustering scheduled__2023-05-09T00:00:00+00:00 [running]> on host 1545bed90dab
[2023-05-17T18:37:36.217+0000] {taskinstance.py:1570} INFO - Exporting env vars: AIRFLOW_CTX_DAG_EMAIL='Bhuribhat@gmail.com' AIRFLOW_CTX_DAG_OWNER='pras' AIRFLOW_CTX_DAG_ID='fondue_dag' AIRFLOW_CTX_TASK_ID='clustering' AIRFLOW_CTX_EXECUTION_DATE='2023-05-09T00:00:00+00:00' AIRFLOW_CTX_TRY_NUMBER='1' AIRFLOW_CTX_DAG_RUN_ID='scheduled__2023-05-09T00:00:00+00:00'
[2023-05-17T18:37:38.067+0000] {logging_mixin.py:149} WARNING - 2023/05/17 18:37:38 WARNING mlflow.utils.git_utils: Failed to import Git (the Git executable is probably not on your PATH), so Git SHA is not available. Error: Failed to initialize: Bad git executable.
The git executable must be specified in one of the following ways:
    - be included in your $PATH
    - be set via $GIT_PYTHON_GIT_EXECUTABLE
    - explicitly set via git.refresh()

All git commands will error until this is rectified.

This initial warning can be silenced or aggravated in the future by setting the
$GIT_PYTHON_REFRESH environment variable. Use one of the following values:
    - quiet|q|silence|s|none|n|0: for no warning or exception
    - warn|w|warning|1: for a printed warning
    - error|e|raise|r|2: for a raised exception

Example:
    export GIT_PYTHON_REFRESH=quiet
[2023-05-17T18:37:42.833+0000] {python.py:183} INFO - Done. Returned value was: None
[2023-05-17T18:37:42.848+0000] {taskinstance.py:1373} INFO - Marking task as SUCCESS. dag_id=fondue_dag, task_id=clustering, execution_date=20230509T000000, start_date=20230517T183735, end_date=20230517T183742
[2023-05-17T18:37:42.895+0000] {local_task_job_runner.py:232} INFO - Task exited with return code 0
[2023-05-17T18:37:42.923+0000] {taskinstance.py:2674} INFO - 1 downstream tasks scheduled from follow-on schedule check
[2023-05-18T06:41:19.680+0000] {taskinstance.py:1125} INFO - Dependencies all met for dep_context=non-requeueable deps ti=<TaskInstance: fondue_dag.clustering scheduled__2023-05-09T00:00:00+00:00 [queued]>
[2023-05-18T06:41:19.703+0000] {taskinstance.py:1125} INFO - Dependencies all met for dep_context=requeueable deps ti=<TaskInstance: fondue_dag.clustering scheduled__2023-05-09T00:00:00+00:00 [queued]>
[2023-05-18T06:41:19.704+0000] {taskinstance.py:1331} INFO - Starting attempt 1 of 2
[2023-05-18T06:41:19.740+0000] {taskinstance.py:1350} INFO - Executing <Task(PythonOperator): clustering> on 2023-05-09 00:00:00+00:00
[2023-05-18T06:41:19.754+0000] {standard_task_runner.py:57} INFO - Started process 1388 to run task
[2023-05-18T06:41:19.767+0000] {standard_task_runner.py:84} INFO - Running: ['***', 'tasks', 'run', 'fondue_dag', 'clustering', 'scheduled__2023-05-09T00:00:00+00:00', '--job-id', '39', '--raw', '--subdir', 'DAGS_FOLDER/fondue_dag.py', '--cfg-path', '/tmp/tmpqhm2q4qi']
[2023-05-18T06:41:19.774+0000] {standard_task_runner.py:85} INFO - Job 39: Subtask clustering
[2023-05-18T06:41:19.889+0000] {task_command.py:410} INFO - Running <TaskInstance: fondue_dag.clustering scheduled__2023-05-09T00:00:00+00:00 [running]> on host 714a0c7ad307
[2023-05-18T06:41:20.101+0000] {taskinstance.py:1570} INFO - Exporting env vars: AIRFLOW_CTX_DAG_EMAIL='Bhuribhat@gmail.com' AIRFLOW_CTX_DAG_OWNER='pras' AIRFLOW_CTX_DAG_ID='fondue_dag' AIRFLOW_CTX_TASK_ID='clustering' AIRFLOW_CTX_EXECUTION_DATE='2023-05-09T00:00:00+00:00' AIRFLOW_CTX_TRY_NUMBER='1' AIRFLOW_CTX_DAG_RUN_ID='scheduled__2023-05-09T00:00:00+00:00'
[2023-05-18T06:41:46.331+0000] {logging_mixin.py:149} WARNING - 2023/05/18 06:41:46 WARNING mlflow.utils.git_utils: Failed to import Git (the Git executable is probably not on your PATH), so Git SHA is not available. Error: Failed to initialize: Bad git executable.
The git executable must be specified in one of the following ways:
    - be included in your $PATH
    - be set via $GIT_PYTHON_GIT_EXECUTABLE
    - explicitly set via git.refresh()

All git commands will error until this is rectified.

This initial warning can be silenced or aggravated in the future by setting the
$GIT_PYTHON_REFRESH environment variable. Use one of the following values:
    - quiet|q|silence|s|none|n|0: for no warning or exception
    - warn|w|warning|1: for a printed warning
    - error|e|raise|r|2: for a raised exception

Example:
    export GIT_PYTHON_REFRESH=quiet
[2023-05-18T06:41:46.499+0000] {taskinstance.py:1847} ERROR - Task failed with exception
Traceback (most recent call last):
  File "/home/airflow/.local/lib/python3.7/site-packages/airflow/operators/python.py", line 181, in execute
    return_value = self.execute_callable()
  File "/home/airflow/.local/lib/python3.7/site-packages/airflow/operators/python.py", line 198, in execute_callable
    return self.python_callable(*self.op_args, **self.op_kwargs)
  File "/opt/airflow/dags/utils/clustering.py", line 46, in kmean_cluster
    with mlflow.start_run() as run:
  File "/home/airflow/.local/lib/python3.7/site-packages/mlflow/tracking/fluent.py", line 277, in start_run
    ).format(_active_run_stack[0].info.run_id)
Exception: Run with UUID 49dee790af1a45b5ae3fefaa748db91b is already active. To start a new run, first end the current run with mlflow.end_run(). To start a nested run, call start_run with nested=True
[2023-05-18T06:41:46.530+0000] {taskinstance.py:1373} INFO - Marking task as UP_FOR_RETRY. dag_id=fondue_dag, task_id=clustering, execution_date=20230509T000000, start_date=20230518T064119, end_date=20230518T064146
[2023-05-18T06:41:46.567+0000] {configuration.py:675} WARNING - section/key [smtp/smtp_user] not found in config
[2023-05-18T06:41:46.568+0000] {email.py:268} INFO - Email alerting: attempt 1
[2023-05-18T06:41:46.581+0000] {configuration.py:675} WARNING - section/key [smtp/smtp_user] not found in config
[2023-05-18T06:41:46.582+0000] {email.py:268} INFO - Email alerting: attempt 1
[2023-05-18T06:41:46.584+0000] {taskinstance.py:1912} ERROR - Failed to send email to: ['Bhuribhat@gmail.com']
Traceback (most recent call last):
  File "/home/airflow/.local/lib/python3.7/site-packages/airflow/models/taskinstance.py", line 1430, in _run_raw_task
    self._execute_task_with_callbacks(context, test_mode)
  File "/home/airflow/.local/lib/python3.7/site-packages/airflow/models/taskinstance.py", line 1581, in _execute_task_with_callbacks
    result = self._execute_task(context, task_orig)
  File "/home/airflow/.local/lib/python3.7/site-packages/airflow/models/taskinstance.py", line 1651, in _execute_task
    result = execute_callable(context=context)
  File "/home/airflow/.local/lib/python3.7/site-packages/airflow/operators/python.py", line 181, in execute
    return_value = self.execute_callable()
  File "/home/airflow/.local/lib/python3.7/site-packages/airflow/operators/python.py", line 198, in execute_callable
    return self.python_callable(*self.op_args, **self.op_kwargs)
  File "/opt/airflow/dags/utils/clustering.py", line 46, in kmean_cluster
    with mlflow.start_run() as run:
  File "/home/airflow/.local/lib/python3.7/site-packages/mlflow/tracking/fluent.py", line 277, in start_run
    ).format(_active_run_stack[0].info.run_id)
Exception: Run with UUID 49dee790af1a45b5ae3fefaa748db91b is already active. To start a new run, first end the current run with mlflow.end_run(). To start a nested run, call start_run with nested=True

During handling of the above exception, another exception occurred:

Traceback (most recent call last):
  File "/home/airflow/.local/lib/python3.7/site-packages/airflow/models/taskinstance.py", line 2318, in email_alert
    send_email(task.email, subject, html_content)
  File "/home/airflow/.local/lib/python3.7/site-packages/airflow/utils/email.py", line 91, in send_email
    **kwargs,
  File "/home/airflow/.local/lib/python3.7/site-packages/airflow/utils/email.py", line 152, in send_email_smtp
    send_mime_email(e_from=mail_from, e_to=recipients, mime_msg=msg, conn_id=conn_id, dryrun=dryrun)
  File "/home/airflow/.local/lib/python3.7/site-packages/airflow/utils/email.py", line 270, in send_mime_email
    smtp_conn = _get_smtp_connection(smtp_host, smtp_port, smtp_timeout, smtp_ssl)
  File "/home/airflow/.local/lib/python3.7/site-packages/airflow/utils/email.py", line 317, in _get_smtp_connection
    else smtplib.SMTP(host=host, port=port, timeout=timeout)
  File "/usr/local/lib/python3.7/smtplib.py", line 251, in __init__
    (code, msg) = self.connect(host, port)
  File "/usr/local/lib/python3.7/smtplib.py", line 336, in connect
    self.sock = self._get_socket(host, port, self.timeout)
  File "/usr/local/lib/python3.7/smtplib.py", line 307, in _get_socket
    self.source_address)
  File "/usr/local/lib/python3.7/socket.py", line 728, in create_connection
    raise err
  File "/usr/local/lib/python3.7/socket.py", line 716, in create_connection
    sock.connect(sa)
OSError: [Errno 99] Cannot assign requested address

During handling of the above exception, another exception occurred:

Traceback (most recent call last):
  File "/home/airflow/.local/lib/python3.7/site-packages/airflow/models/taskinstance.py", line 1910, in handle_failure
    self.email_alert(error, task)
  File "/home/airflow/.local/lib/python3.7/site-packages/airflow/models/taskinstance.py", line 2320, in email_alert
    send_email(task.email, subject, html_content_err)
  File "/home/airflow/.local/lib/python3.7/site-packages/airflow/utils/email.py", line 91, in send_email
    **kwargs,
  File "/home/airflow/.local/lib/python3.7/site-packages/airflow/utils/email.py", line 152, in send_email_smtp
    send_mime_email(e_from=mail_from, e_to=recipients, mime_msg=msg, conn_id=conn_id, dryrun=dryrun)
  File "/home/airflow/.local/lib/python3.7/site-packages/airflow/utils/email.py", line 270, in send_mime_email
    smtp_conn = _get_smtp_connection(smtp_host, smtp_port, smtp_timeout, smtp_ssl)
  File "/home/airflow/.local/lib/python3.7/site-packages/airflow/utils/email.py", line 317, in _get_smtp_connection
    else smtplib.SMTP(host=host, port=port, timeout=timeout)
  File "/usr/local/lib/python3.7/smtplib.py", line 251, in __init__
    (code, msg) = self.connect(host, port)
  File "/usr/local/lib/python3.7/smtplib.py", line 336, in connect
    self.sock = self._get_socket(host, port, self.timeout)
  File "/usr/local/lib/python3.7/smtplib.py", line 307, in _get_socket
    self.source_address)
  File "/usr/local/lib/python3.7/socket.py", line 728, in create_connection
    raise err
  File "/usr/local/lib/python3.7/socket.py", line 716, in create_connection
    sock.connect(sa)
OSError: [Errno 99] Cannot assign requested address
[2023-05-18T06:41:46.615+0000] {standard_task_runner.py:109} ERROR - Failed to execute job 39 for task clustering (Run with UUID 49dee790af1a45b5ae3fefaa748db91b is already active. To start a new run, first end the current run with mlflow.end_run(). To start a nested run, call start_run with nested=True; 1388)
[2023-05-18T06:41:46.660+0000] {local_task_job_runner.py:232} INFO - Task exited with return code 1
[2023-05-18T06:41:46.700+0000] {taskinstance.py:2674} INFO - 0 downstream tasks scheduled from follow-on schedule check
[2023-05-18T06:53:29.723+0000] {taskinstance.py:1125} INFO - Dependencies all met for dep_context=non-requeueable deps ti=<TaskInstance: fondue_dag.clustering scheduled__2023-05-09T00:00:00+00:00 [queued]>
[2023-05-18T06:53:29.772+0000] {taskinstance.py:1125} INFO - Dependencies all met for dep_context=requeueable deps ti=<TaskInstance: fondue_dag.clustering scheduled__2023-05-09T00:00:00+00:00 [queued]>
[2023-05-18T06:53:29.775+0000] {taskinstance.py:1331} INFO - Starting attempt 1 of 2
[2023-05-18T06:53:29.836+0000] {taskinstance.py:1350} INFO - Executing <Task(PythonOperator): clustering> on 2023-05-09 00:00:00+00:00
[2023-05-18T06:53:29.846+0000] {standard_task_runner.py:57} INFO - Started process 1494 to run task
[2023-05-18T06:53:29.850+0000] {standard_task_runner.py:84} INFO - Running: ['***', 'tasks', 'run', 'fondue_dag', 'clustering', 'scheduled__2023-05-09T00:00:00+00:00', '--job-id', '37', '--raw', '--subdir', 'DAGS_FOLDER/fondue_dag.py', '--cfg-path', '/tmp/tmpzbf6htth']
[2023-05-18T06:53:29.854+0000] {standard_task_runner.py:85} INFO - Job 37: Subtask clustering
[2023-05-18T06:53:29.987+0000] {task_command.py:410} INFO - Running <TaskInstance: fondue_dag.clustering scheduled__2023-05-09T00:00:00+00:00 [running]> on host 26547302378e
[2023-05-18T06:53:30.162+0000] {taskinstance.py:1570} INFO - Exporting env vars: AIRFLOW_CTX_DAG_EMAIL='Bhuribhat@gmail.com' AIRFLOW_CTX_DAG_OWNER='pras' AIRFLOW_CTX_DAG_ID='fondue_dag' AIRFLOW_CTX_TASK_ID='clustering' AIRFLOW_CTX_EXECUTION_DATE='2023-05-09T00:00:00+00:00' AIRFLOW_CTX_TRY_NUMBER='1' AIRFLOW_CTX_DAG_RUN_ID='scheduled__2023-05-09T00:00:00+00:00'
[2023-05-18T06:53:50.691+0000] {logging_mixin.py:149} WARNING - 2023/05/18 06:53:50 WARNING mlflow.utils.git_utils: Failed to import Git (the Git executable is probably not on your PATH), so Git SHA is not available. Error: Failed to initialize: Bad git executable.
The git executable must be specified in one of the following ways:
    - be included in your $PATH
    - be set via $GIT_PYTHON_GIT_EXECUTABLE
    - explicitly set via git.refresh()

All git commands will error until this is rectified.

This initial warning can be silenced or aggravated in the future by setting the
$GIT_PYTHON_REFRESH environment variable. Use one of the following values:
    - quiet|q|silence|s|none|n|0: for no warning or exception
    - warn|w|warning|1: for a printed warning
    - error|e|raise|r|2: for a raised exception

Example:
    export GIT_PYTHON_REFRESH=quiet
[2023-05-18T06:53:59.531+0000] {python.py:183} INFO - Done. Returned value was: None
[2023-05-18T06:53:59.552+0000] {taskinstance.py:1373} INFO - Marking task as SUCCESS. dag_id=fondue_dag, task_id=clustering, execution_date=20230509T000000, start_date=20230518T065329, end_date=20230518T065359
[2023-05-18T06:53:59.651+0000] {local_task_job_runner.py:232} INFO - Task exited with return code 0
[2023-05-18T06:53:59.701+0000] {taskinstance.py:2674} INFO - 1 downstream tasks scheduled from follow-on schedule check
=======
[2023-05-18T04:23:16.146+0000] {python.py:183} INFO - Done. Returned value was: None
[2023-05-18T04:23:16.189+0000] {taskinstance.py:1373} INFO - Marking task as SUCCESS. dag_id=fondue_dag, task_id=clustering, execution_date=20230509T000000, start_date=20230518T042223, end_date=20230518T042316
[2023-05-18T04:23:16.254+0000] {local_task_job_runner.py:232} INFO - Task exited with return code 0
[2023-05-18T04:23:16.302+0000] {taskinstance.py:2674} INFO - 1 downstream tasks scheduled from follow-on schedule check
>>>>>>> 8e4a41b368593e9ce283ae02afd6c27252f67370
